<?xml version="1.0" encoding="UTF-8"?>
<!-- Generated by org.testng.reporters.JUnitXMLReporter -->
<testsuite ignored="0" hostname="Saptarshi" failures="0" tests="3" name="Submit Order Test" time="56.051" errors="0" timestamp="2024-08-02T16:52:43 IST">
  <testcase classname="SeleniumAutomation.Tests.SubmitOrderTest" name="SubmitOrder" time="7.097"/>
  <testcase classname="SeleniumAutomation.Tests.SubmitOrderTest" name="SubmitOrder" time="8.989"/>
  <testcase classname="SeleniumAutomation.Tests.SubmitOrderTest" name="OrderHistoryTest" time="1.419"/>
</testsuite> <!-- Submit Order Test -->
