<?xml version="1.0" encoding="UTF-8"?>
<!-- Generated by org.testng.reporters.JUnitXMLReporter -->
<testsuite ignored="0" hostname="Saptarshi" failures="0" tests="2" name="Error Validation Test" time="31.039" errors="0" timestamp="2024-08-03T14:00:44 IST">
  <testcase classname="SeleniumAutomation.Tests.ErrorValidationTest" name="LoginErrorValidation" time="0.994"/>
  <testcase classname="SeleniumAutomation.Tests.ErrorValidationTest" name="ProductErrorValidation" time="3.061"/>
</testsuite> <!-- Error Validation Test -->
