<?xml version="1.0" encoding="UTF-8"?>
<!-- Generated by org.testng.reporters.JUnitXMLReporter -->
<testsuite ignored="0" hostname="Saptarshi" failures="0" tests="3" name="Submit Order Test" time="46.306" errors="0" timestamp="2024-08-03T14:00:57 IST">
  <testcase classname="SeleniumAutomation.Tests.SubmitOrderTest" name="SubmitOrder" time="5.206"/>
  <testcase classname="SeleniumAutomation.Tests.SubmitOrderTest" name="SubmitOrder" time="5.28"/>
  <testcase classname="SeleniumAutomation.Tests.SubmitOrderTest" name="OrderHistoryTest" time="1.083"/>
</testsuite> <!-- Submit Order Test -->
